<?xml version="1.0" encoding="UTF-8"?>
<testng-results skipped="0" failed="0" ignored="0" total="1" passed="1">
  <reporter-output>
  </reporter-output>
  <suite name="Default suite" duration-ms="3968" started-at="2021-08-31T15:58:56 IST" finished-at="2021-08-31T15:59:00 IST">
    <groups>
    </groups>
    <test name="Default test" duration-ms="3968" started-at="2021-08-31T15:58:56 IST" finished-at="2021-08-31T15:59:00 IST">
      <class name="seleniumweek7.Seleniumweek7">
        <test-method status="PASS" signature="test()[pri:0, instance:seleniumweek7.Seleniumweek7@587d1d39]" name="test" duration-ms="3928" started-at="2021-08-31T15:58:56 IST" finished-at="2021-08-31T15:59:00 IST">
          <reporter-output>
          </reporter-output>
        </test-method> <!-- test -->
      </class> <!-- seleniumweek7.Seleniumweek7 -->
    </test> <!-- Default test -->
  </suite> <!-- Default suite -->
</testng-results>
